
Showing logs for build [32mcb-kubecd-environment-pr-491-5-jgnrz-1[0m stage [32mfrom-build-pack[0m and container [32mstep-credential-initializer-d8tjt[0m
{"level":"warn","ts":1586951996.863545,"logger":"fallback-logger","caller":"logging/config.go:69","msg":"Fetch GitHub commit ID from kodata failed: \"ref: refs/heads/0.8.0-**-support-backwards-incompats\" is not a valid GitHub commit ID"}
{"level":"info","ts":1586951996.8640244,"logger":"fallback-logger","caller":"creds-init/main.go:40","msg":"Credentials initialized."}

Showing logs for build [32mcb-kubecd-environment-pr-491-5-jgnrz-1[0m stage [32mfrom-build-pack[0m and container [32mstep-working-dir-initializer-29bts[0m
{"level":"warn","ts":1586951998.2385683,"logger":"fallback-logger","caller":"logging/config.go:69","msg":"Fetch GitHub commit ID from kodata failed: open /var/run/ko/HEAD: no such file or directory"}
{"level":"info","ts":1586951998.240213,"logger":"fallback-logger","caller":"bash/main.go:64","msg":"Successfully executed command \"sh -c mkdir -p /workspace/source\"; output "}

Showing logs for build [32mcb-kubecd-environment-pr-491-5-jgnrz-1[0m stage [32mfrom-build-pack[0m and container [32mstep-place-tools[0m

Showing logs for build [32mcb-kubecd-environment-pr-491-5-jgnrz-1[0m stage [32mfrom-build-pack[0m and container [32mstep-git-source-cb-kubecd-environment-pr-491-5-jgnrz-2fjk6[0m
{"level":"warn","ts":1586952042.3403003,"logger":"fallback-logger","caller":"logging/config.go:69","msg":"Fetch GitHub commit ID from kodata failed: \"ref: refs/heads/0.8.0-**-support-backwards-incompats\" is not a valid GitHub commit ID"}
{"level":"info","ts":1586952044.388409,"logger":"fallback-logger","caller":"git/git.go:103","msg":"Successfully cloned https://github.com/cb-kubecd/environment-pr-491-5-bdd-frontend-staging.git @ master in path /workspace/source"}

Showing logs for build [32mcb-kubecd-environment-pr-491-5-jgnrz-1[0m stage [32mfrom-build-pack[0m and container [32mstep-git-merge[0m
Using SHAs from PULL_REFS=master:c8776db997799b7d53a79658c40e4b950b3999e7,1:930a9835c2c94ec063aac7f630baacf04671a238
DEBUG: LC_ALL=C JX_LOG_LEVEL=error git fetch origin --unshallow 930a9835c2c94ec063aac7f630baacf04671a238: c8776db997799b7d53a79658c40e4b950b3999e7:
DEBUG: ran git fetch --unshallow origin 930a9835c2c94ec063aac7f630baacf04671a238: c8776db997799b7d53a79658c40e4b950b3999e7: in 
DEBUG: JX_LOG_LEVEL=error LC_ALL=C git branch
DEBUG: LC_ALL=C JX_LOG_LEVEL=error git checkout master
DEBUG: ran git checkout master in 
DEBUG: LC_ALL=C JX_LOG_LEVEL=error git reset --hard c8776db997799b7d53a79658c40e4b950b3999e7
DEBUG: ran git reset --hard c8776db997799b7d53a79658c40e4b950b3999e7 in 
DEBUG: LC_ALL=C JX_LOG_LEVEL=error git clean -fd .
DEBUG: ran clean --force -d . in 
DEBUG: JX_LOG_LEVEL=error LC_ALL=C git merge 930a9835c2c94ec063aac7f630baacf04671a238
DEBUG: ran git merge 930a9835c2c94ec063aac7f630baacf04671a238 in 
DEBUG: LC_ALL=C JX_LOG_LEVEL=error git log --format=%H%x1f%an%x1f%ae%x1f%cn%x1f%ce%x1f%s%n%b%x1e c8776db997799b7d53a79658c40e4b950b3999e7..HEAD
Merged SHA 930a9835c2c94ec063aac7f630baacf04671a238 with commit message 'chore: Promote bdd-nh-1586950936 to version 0.0.1' into base branch master

Showing logs for build [32mcb-kubecd-environment-pr-491-5-jgnrz-1[0m stage [32mfrom-build-pack[0m and container [32mstep-build-helm-build[0m
WARNING: No $CHART_REPOSITORY defined so using the default value of: http://jenkins-x-chartmuseum:8080
Adding missing Helm repo: storage.googleapis.com https://storage.googleapis.com/chartmuseum.jenkins-x.io
WARNING: No secrets found on "helm/repos" due: reading the secret "helm/repos" from vault: no secret "helm/repos" not found in vault
Read credentials for https://storage.googleapis.com/chartmuseum.jenkins-x.io from vault helm/repos
Successfully added Helm repository storage.googleapis.com.
Adding missing Helm repo: jenkins-x-chartmuseum http://jenkins-x-chartmuseum:8080
WARNING: No secrets found on "helm/repos" due: reading the secret "helm/repos" from vault: no secret "helm/repos" not found in vault
Read credentials for http://jenkins-x-chartmuseum:8080 from vault helm/repos
Successfully added Helm repository jenkins-x-chartmuseum.
WARNING: No $CHART_REPOSITORY defined so using the default value of: http://jenkins-x-chartmuseum:8080
Adding missing Helm repo: chartmuseum.jenkins-x.io http://chartmuseum.jenkins-x.io
WARNING: No secrets found on "helm/repos" due: reading the secret "helm/repos" from vault: no secret "helm/repos" not found in vault
Read credentials for http://chartmuseum.jenkins-x.io from vault helm/repos
Successfully added Helm repository chartmuseum.jenkins-x.io.
